0 info it worked if it ends with ok
1 verbose cli [ 'node.exe',
1 verbose cli   'C:\\Proggis\\PortableApps\\nodist\\bin\\node_modules\\npm\\cli.js',
1 verbose cli   'install',
1 verbose cli   'sylvester' ]
2 info using npm@1.3.25
3 info using node@v0.10.25
4 error Failed to parse json
4 error Unexpected token /
5 error File: F:\gitProjects_mine\trakgui\package.json
6 error Failed to parse package.json data.
6 error package.json must be actual JSON, not just JavaScript.
6 error
6 error This is not a bug in npm.
6 error Tell the package author to fix their package.json file. JSON.parse
7 error System Windows_NT 6.1.7601
8 error command "node.exe" "C:\\Proggis\\PortableApps\\nodist\\bin\\node_modules\\npm\\cli.js" "install" "sylvester"
9 error cwd F:\gitProjects_mine\trakgui\js
10 error node -v v0.10.25
11 error npm -v 1.3.25
12 error file F:\gitProjects_mine\trakgui\package.json
13 error code EJSONPARSE
14 verbose exit [ 1, true ]
